Reading tree rosliny
Executing blformat command...
Number of sites in sequences set to 952
Branch lengths assumed to be in units of numbers of substitutions per site
All branch lengths multipled by the 952 sites in the sequence
Branch lengths rounded to nearest integer
(This may not be a good idea when using CALIBRATE on ultrametric user supplied input trees. Use ROUND=NO then)
5 zero-length branches collapsed
Defining clade name: LAND_PLANTS
Defining clade name: GYMNOSPERMS
Defining clade name: ANGIOSPERMS
Fixing age of LAND_PLANTS at 450.000000
 (The age of this node will no longer be estimated.)
 (This command overides any previous age constraints for this node.)
 (The total number of fixed ages is now 1)
Setting minimum age constraint for taxon GYMNOSPERMS to 310.000000
Setting minimum age constraint for taxon ANGIOSPERMS to 200.000000
Setting maximum age constraint for taxon ANGIOSPERMS to 245.000000


----------------------------------------


LINEAGE RATE/TIME ANALYSIS FOR TREE rosliny

Method = Langley and Fitch
Optimization via Truncated-Newton (TN) method with bound constraints

----------------------------------------
Substitution Model
	Rates are equal across sites
Global/Local Search Parameters
	Number of searches from random starts = 1
	Number of restarts after each search = 1
	Local perturbation on restarts = 0.01
	Local fractional tolerance after restarts = 0.01
Optimization parameters set automatically by TN routine
Length of tree input =  915
Number of taxa  =  36
Number of sites in sequences =  952

----------------------------------------
Starting optimization (random starting point 1)
...Checking the starting point...(for some barrier constant)...
...Passed...now optimizing...
...Initial solution=264.810637
......starting perturbation 1
......solution for perturbation 1=264.810637...best=264.810637
*** Using analytical formula for gradient in check gradient step ***
...checking gradient of the solution...

	Norm for free parameters in gradient (0.000002) should be less than cutoff (0.576199)
	Checking active constraints for node times only (activeEpsilon=0.001000 and window [actEps*rootage]=0.450000)
	Param	Estimate	Gradient	Active*	Taxon
	[1]	407.944406	-0.000000	0	
	[2]	381.104459	0.000000	0	
	[3]	305.471826	-0.000000	0	
	[4]	330.366923	-0.000000	0	
	[5]	310.000000	-0.505204	-1	GYMNOSPERMS
	[6]	179.379676	0.000000	0	
	[7]	262.691633	-0.000000	0	
	[8]	233.179335	-0.000000	0	
	[9]	169.510283	0.000000	0	
	[10]	169.287671	0.000000	0	
	[11]	106.917284	0.000000	0	
	[12]	245.000000	0.134804	1	ANGIOSPERMS
	[13]	221.224524	-0.000000	0	
	[14]	193.212135	-0.000000	0	
	[15]	152.187678	0.000000	0	
	[16]	133.203210	-0.000000	0	
	[17]	191.261350	-0.000000	0	
	[18]	205.285944	0.000000	0	
	[19]	132.585525	-0.000000	0	
	[20]	179.388935	-0.000000	0	
	[21]	55.366372	0.000000	0	
	[22]	160.720310	-0.000000	0	
	[23]	147.492625	0.000000	0	
	[24]	117.113994	-0.000000	0	
	[25]	153.034649	-0.000000	0	

	Gradients for rate parameters (if any)
	Param	Estimate	Gradient
	[26]	0.112240	0.000002
------------------------------------------------------------------------------
*Key
	+1 = maximum age constraint is reached (gradient may not be 0)
	-1 = minimum age constraint is reached (gradient may not be 0)
	 0 = no constraint present or constraint not reached (gradient should be 0)

	 (note that small gradient values (< |0.000058|) are not examined with respect to active constraints to avoid spurious roundoff issues)

*** Gradient check passed ***

Using optimization from starting point 1 as best estimate
Test of molecular clock on soln. 1 (best): Chi squared = 333.602142 (df=35)


Parameter estimates:

	       1  

Times
p[ 1]	   0.429  
p[ 2]	     0.4  
p[ 3]	   0.321  
p[ 4]	   0.347  
p[ 5]	   0.326  
p[ 6]	   0.188  
p[ 7]	   0.276  
p[ 8]	   0.245  
p[ 9]	   0.178  
p[10]	   0.178  
p[11]	   0.112  
p[12]	   0.257  
p[13]	   0.232  
p[14]	   0.203  
p[15]	    0.16  
p[16]	    0.14  
p[17]	   0.201  
p[18]	   0.216  
p[19]	   0.139  
p[20]	   0.188  
p[21]	  0.0582  
p[22]	   0.169  
p[23]	   0.155  
p[24]	   0.123  
p[25]	   0.161  

Rates (substitutions per site per unit time)
p[26]	 0.000118  

	  PASSED  
__________________
Result codes:
PASSED = OK
FAILED(1) = Optimization routine returned error
FAILED(2) = Solution's gradient was not 0
__________________


Obj->	-264.811  
-----------------------------------------------------------------------------------------
Estimated ages and substitution rates for tree rosliny

Reconstruction method: Langley-Fitch (clock)
Named internal nodes indicated by [*]
Rates are for branches subtending indicated node
Rates are in units of substitutions per site per unit time

				  Constraints				Rates
	Node	   Fix [Mod]	  Min	  Max	  Age		Estimated	Local
-----------------------------------------------------------------------------------------
 [*]  LAND_PLA	     * [0] 	   --      --	 450.00		
      Marchant	     * [0] 	   --      --	   0.00		1.1790e-04	7.4697e-05
     (3)	       [0] 	   --      --	 407.94		1.1790e-04	4.4958e-04
      Lycopodi	     * [0] 	   --      --	   0.00		1.1790e-04	9.7847e-05
     (5)	       [0] 	   --      --	 381.10		1.1790e-04	4.6964e-04
     (6)	       [0] 	   --      --	 305.47		1.1790e-04	1.5277e-04
      Equisetu	     * [0] 	   --      --	   0.00		1.1790e-04	1.5818e-04
      Osmunda	     * [0] 	   --      --	   0.00		1.1790e-04	1.1004e-04
      Aspleniu	     * [0] 	   --      --	   0.00		1.1790e-04	1.2035e-04
     (11)	       [0] 	   --      --	 330.37		1.1790e-04	4.3476e-04
 [*]  GYMNOSPE	       [0] 	 310.00	   --	 310.00		1.1790e-04	5.1575e-04
     (14)	       [0] 	   --      --	 179.38		1.1790e-04	4.0209e-05
      Cycas	     * [0] 	   --      --	   0.00		1.1790e-04	5.2703e-05
      Zamia	     * [0] 	   --      --	   0.00		1.1790e-04	1.0541e-04
      Ginkgo	     * [0] 	   --      --	   0.00		1.1790e-04	4.7438e-05
     (18)	       [0] 	   --      --	 262.69		1.1790e-04	1.3322e-04
     (19)	       [0] 	   --      --	 233.18		1.1790e-04	7.1185e-05
      Pinus	     * [0] 	   --      --	   0.00		1.1790e-04	9.0095e-05
     (21)	       [0] 	   --      --	 169.51		1.1790e-04	9.8989e-05
      Podocarp	     * [0] 	   --      --	   0.00		1.1790e-04	9.2952e-05
      Taxus	     * [0] 	   --      --	   0.00		1.1790e-04	1.2394e-04
     (24)	       [0] 	   --      --	 169.29		1.1790e-04	1.7994e-04
      Ephedra	     * [0] 	   --      --	   0.00		1.1790e-04	1.7994e-04
     (26)	       [0] 	   --      --	 106.92		1.1790e-04	1.1789e-04
      Welwitsc	     * [0] 	   --      --	   0.00		1.1790e-04	1.0807e-04
      Gnetum	     * [0] 	   --      --	   0.00		1.1790e-04	1.2772e-04
 [*]  ANGIOSPE	       [0] 	 200.00	 245.00	 245.00		1.1790e-04	3.6914e-05
      Nymphaea	     * [0] 	   --      --	   0.00		1.1790e-04	6.8599e-05
     (33)	       [0] 	   --      --	 221.22		1.1790e-04	3.0927e-04
      Saururus	     * [0] 	   --      --	   0.00		1.1790e-04	9.0216e-05
      Chlorant	     * [0] 	   --      --	   0.00		1.1790e-04	9.0216e-05
     (39)	       [0] 	   --      --	 193.21		1.1790e-04	2.6249e-04
     (40)	       [0] 	   --      --	 152.19		1.1790e-04	1.7923e-04
      Araceae	     * [0] 	   --      --	   0.00		1.1790e-04	1.3114e-04
     (42)	       [0] 	   --      --	 133.20		1.1790e-04	1.6599e-04
      Palmae	     * [0] 	   --      --	   0.00		1.1790e-04	4.7315e-05
      Oryza	     * [0] 	   --      --	   0.00		1.1790e-04	2.3658e-04
      Acorus	     * [0] 	   --      --	   0.00		1.1790e-04	2.0115e-04
     (46)	       [0] 	   --      --	 191.26		1.1790e-04	1.4023e-04
      Calycant	     * [0] 	   --      --	   0.00		1.1790e-04	7.1397e-05
      Lauracea	     * [0] 	   --      --	   0.00		1.1790e-04	1.8673e-04
     (49)	       [0] 	   --      --	 205.29		1.1790e-04	1.9771e-04
     (50)	       [0] 	   --      --	 132.59		1.1790e-04	7.2243e-05
      Magnolia	     * [0] 	   --      --	   0.00		1.1790e-04	1.1092e-04
      Drimys	     * [0] 	   --      --	   0.00		1.1790e-04	7.9226e-05
     (53)	       [0] 	   --      --	 179.39		1.1790e-04	2.4337e-04
      Ranuncul	     * [0] 	   --      --	   0.00		1.1790e-04	1.6396e-04
     (56)	       [0] 	   --      --	  55.37		1.1790e-04	3.3878e-05
      Nelumbo	     * [0] 	   --      --	   0.00		1.1790e-04	1.1383e-04
      Platanus	     * [0] 	   --      --	   0.00		1.1790e-04	3.7944e-05
     (59)	       [0] 	   --      --	 160.72		1.1790e-04	2.8133e-04
      Buxaceae	     * [0] 	   --      --	   0.00		1.1790e-04	8.4964e-05
     (62)	       [0] 	   --      --	 147.49		1.1790e-04	1.5882e-04
      Pisum	     * [0] 	   --      --	   0.00		1.1790e-04	2.4214e-04
     (64)	       [0] 	   --      --	 117.11		1.1790e-04	3.4578e-05
      Fagus	     * [0] 	   --      --	   0.00		1.1790e-04	8.0723e-05
      Carya	     * [0] 	   --      --	   0.00		1.1790e-04	7.1754e-05
     (67)	       [0] 	   --      --	 153.03		1.1790e-04	2.7335e-04
      Ericacea	     * [0] 	   --      --	   0.00		1.1790e-04	1.2355e-04
      Solanace	     * [0] 	   --      --	   0.00		1.1790e-04	2.6769e-04
      Austroba	     * [0] 	   --      --	   0.00		1.1790e-04	7.7174e-05
      Amborell	     * [0] 	   --      --	   0.00		1.1790e-04	7.7174e-05
-----------------------------------------------------------------------------------------

Summary of rate variation (substitutions per site per unit time)
  Mean    = 0.0001179
  Std Dev = 3.325e-12
  Min     = 0.0001179
  Max     = 0.0001179
  Range   = 0
  Ratio   =  1
[Printing tree 1]

[CHRONOGRAM of tree rosliny]
+-----------------------------------------------------------------------Marchantia
|
|     +-----------------------------------------------------------------Lycopodium
|     |
|     |               +-------------------------------------------------Equisetum
+LAND_PLANTS          |
|     |   +-----------+6------------------------------------------------Osmunda
|     |   |           |
|     |   |           +-------------------------------------------------Asplenium
|     |   |
+-----+3  |                               +-----------------------------Cycas
      |   |           +-------------------+14
      |   |           |                   +-----------------------------Zamia
      |   |           |
      |   |           +-------------------------------------------------Ginkgo
      |   |       +---+GYMNOSPERMS
      |   |       |   |           +-------------------------------------Pinus
      |   |       |   |      +----+19
      |   |       |   |      |    |         +---------------------------Podocarpac
      +---+5      |   |      |    +---------+21
          |       |   +------+18            +---------------------------Taxus
          |       |          |
          |       |          |              +---------------------------Ephedra
          |       |          +--------------+24
          |       |                         |         +-----------------Welwitsch
          |       |                         +---------+26
          |       |                                   +-----------------Gnetum
          |       |
          |       |             +---------------------------------------Nymphaea
          |       |             |
          |       |             |   +-----------------------------------Saururus
          |       |             |   |
          |       |             |   +-----------------------------------Chloranth
          +-------+11           |   |
                  |             |   |         +-------------------------Araceae
                  |             |   |   +-----+40
                  |             |   |   |     |  +----------------------Palmae
                  |             |   +---+39   +--+42
                  |             +---+33 |        +----------------------Oryza
                  |             |   |   |
                  |             |   |   +-------------------------------Acorus
                  |             |   |
                  |             |   |   +-------------------------------Calycanth
                  |             |   |---+46
                  |             |   |   +-------------------------------Lauraceae
                  |             |   |
                  |             |   |             +---------------------Magnolia
                  |             |   | +-----------+50
                  |             |   | |           +---------------------Drimys
                  |             |   | |
                  |             |   +-+49 +-----------------------------Ranunculus
                  +-------------+ANGIOSPERMS
                                |     |   |                   +---------Nelumbo
                                |     |   +-------------------+56
                                |     +---+53                 +---------Platanus
                                |         |
                                |         |  +--------------------------Buxaceae
                                |         |  |
                                |         |  | +------------------------Pisum
                                |         |  +-+62
                                |         +--+59    +-------------------Fagus
                                |            | +----+64
                                |            |      +-------------------Carya
                                |            |
                                |            |+-------------------------Ericaceae
                                |            ++67
                                |             +-------------------------Solanaceae
                                |
                                |---------------------------------------Austrobail
                                |
                                +---------------------------------------Amborella

[Printing tree 1]

[PHYLOGRAM of tree rosliny]
+-------------------Marchantia
|
|          +-----------------------Lycopodium
|          |
|          |            +----------------------------Equisetum
+LAND_PLANTS            |
|          |      +-----+6------------------Osmunda
|          |      |     |
|          |      |     +---------------------Asplenium
|          |      |
+----------+3     |                    +-----Cycas
           |      |                 +--+14
           |      |                 |  +-----------Zamia
           |      |                 |
           |      |                 +--------Ginkgo
           |      |           +-----+GYMNOSPERMS
           |      |           |     |   +------------Pinus
           |      |           |     |  ++19
           |      |           |     |  ||  +---------Podocarpac
           +------+5          |     |  |+--+21
                  |           |     +--+18 +------------Taxus
                  |           |        |
                  |           |        |        +-----------------Ephedra
                  |           |        +--------+24
                  |           |                 |   +------Welwitsch
                  |           |                 +---+26
                  |           |                     +-------Gnetum
                  |           |
                  |           |+---------Nymphaea
                  |           ||
                  |           ||   +-----------Saururus
                  |           ||   |
                  |           ||   +-----------Chloranth
                  +-----------+11  |
                              ||   |       +-----------Araceae
                              ||   |   +---+40
                              ||   |   |   |+---Palmae
                              ||   +---+39 ++42
                              |+---+33 |    +------------------Oryza
                              ||   |   |
                              ||   |   +----------------------Acorus
                              ||   |
                              ||   | +-------Calycanth
                              ||   |-+46
                              ||   | +--------------------Lauraceae
                              ||   |
                              ||   |   +--------Magnolia
                              ||   |+--+50
                              ||   ||  +------Drimys
                              ||   ||
                              ||   ++49+-----------------Ranunculus
                              ++ANGIOSPERMS
                               |    |  | +---Nelumbo
                               |    |  +-+56
                               |    +--+53-Platanus
                               |       |
                               |       |  +-------Buxaceae
                               |       |  |
                               |       |  |+--------------------Pisum
                               |       |  ++62
                               |       +--+59----Fagus
                               |          |+64
                               |          |+----Carya
                               |          |
                               |          |+-----------Ericaceae
                               |          ++67
                               |           +-----------------------Solanaceae
                               |
                               |-----------Austrobail
                               |
                               +-----------Amborella

[Printing tree 1]

[TREE DESCRIPTION of tree rosliny]

tree rosliny = (Marchantia:450.000000,(Lycopodium:407.944406,((Equisetum:305.471826,Osmunda:305.471826,Asplenium:305.471826):75.632633,(((Cycas:179.379676,Zamia:179.379676):130.620324,Ginkgo:310.000000,((Pinus:233.179335,(Podocarpac:169.510283,Taxus:169.510283):63.669052):29.512298,(Ephedra:169.287671,(Welwitsch:106.917284,Gnetum:106.917284):62.370386):93.403963):47.308367)GYMNOSPERMS:20.366923,(Nymphaea:245.000000,(Saururus:221.224524,Chloranth:221.224524,((Araceae:152.187678,(Palmae:133.203210,Oryza:133.203210):18.984468):41.024457,Acorus:193.212135):28.012388,(Calycanth:191.261350,Lauraceae:191.261350):29.963173,((Magnolia:132.585525,Drimys:132.585525):72.700419,(Ranunculus:179.388935,(Nelumbo:55.366372,Platanus:55.366372):124.022563,(Buxaceae:160.720310,(Pisum:147.492625,(Fagus:117.113994,Carya:117.113994):30.378631):13.227685,(Ericaceae:153.034649,Solanaceae:153.034649):7.685662):18.668625):25.897009):15.938580):23.775476,Austrobail:245.000000,Amborella:245.000000)ANGIOSPERMS:85.366923):50.737536):26.839947):42.055594)LAND_PLANTS;


----------------------------------------


LINEAGE RATE/TIME ANALYSIS FOR TREE rosliny

Method = Langley and Fitch
Optimization via Truncated-Newton (TN) method with bound constraints

----------------------------------------
Substitution Model
	Rates are equal across sites
Global/Local Search Parameters
	Number of searches from random starts = 5
	Number of restarts after each search = 1
	Local perturbation on restarts = 0.01
	Local fractional tolerance after restarts = 0.01
Optimization parameters set automatically by TN routine
Length of tree input =  915
Number of taxa  =  36
Number of sites in sequences =  952

----------------------------------------
Starting optimization (random starting point 1)
...Checking the starting point...(for some barrier constant)...
...Passed...now optimizing...
...Initial solution=264.810637
......starting perturbation 1
......solution for perturbation 1=264.810637...best=264.810637
*** Using analytical formula for gradient in check gradient step ***
...checking gradient of the solution...

	Norm for free parameters in gradient (0.000000) should be less than cutoff (0.576199)
	Checking active constraints for node times only (activeEpsilon=0.001000 and window [actEps*rootage]=0.450000)
	Param	Estimate	Gradient	Active*	Taxon
	[1]	407.944405	0.000000	0	
	[2]	381.104459	0.000000	0	
	[3]	305.471825	0.000000	0	
	[4]	330.366923	0.000000	0	
	[5]	310.000000	-0.505204	-1	GYMNOSPERMS
	[6]	179.379676	-0.000000	0	
	[7]	262.691633	-0.000000	0	
	[8]	233.179335	-0.000000	0	
	[9]	169.510283	-0.000000	0	
	[10]	169.287671	-0.000000	0	
	[11]	106.917285	0.000000	0	
	[12]	245.000000	0.134804	1	ANGIOSPERMS
	[13]	221.224523	0.000000	0	
	[14]	193.212135	0.000000	0	
	[15]	152.187678	-0.000000	0	
	[16]	133.203209	0.000000	0	
	[17]	191.261350	0.000000	0	
	[18]	205.285943	-0.000000	0	
	[19]	132.585524	0.000000	0	
	[20]	179.388934	0.000000	0	
	[21]	55.366372	-0.000000	0	
	[22]	160.720309	0.000000	0	
	[23]	147.492624	0.000000	0	
	[24]	117.113993	0.000000	0	
	[25]	153.034647	0.000000	0	

	Gradients for rate parameters (if any)
	Param	Estimate	Gradient
	[26]	0.112240	-0.000000
------------------------------------------------------------------------------
*Key
	+1 = maximum age constraint is reached (gradient may not be 0)
	-1 = minimum age constraint is reached (gradient may not be 0)
	 0 = no constraint present or constraint not reached (gradient should be 0)

	 (note that small gradient values (< |0.000058|) are not examined with respect to active constraints to avoid spurious roundoff issues)

*** Gradient check passed ***
Starting optimization (random starting point 2)
...Checking the starting point...(for some barrier constant)...
...Passed...now optimizing...
...Initial solution=264.810637
......starting perturbation 1
......solution for perturbation 1=264.810637...best=264.810637
*** Using analytical formula for gradient in check gradient step ***
...checking gradient of the solution...

	Norm for free parameters in gradient (0.000002) should be less than cutoff (0.576199)
	Checking active constraints for node times only (activeEpsilon=0.001000 and window [actEps*rootage]=0.450000)
	Param	Estimate	Gradient	Active*	Taxon
	[1]	407.944405	0.000000	0	
	[2]	381.104458	0.000000	0	
	[3]	305.471825	0.000000	0	
	[4]	330.366923	0.000000	0	
	[5]	310.000000	-0.505204	-1	GYMNOSPERMS
	[6]	179.379676	0.000000	0	
	[7]	262.691633	0.000000	0	
	[8]	233.179334	0.000000	0	
	[9]	169.510283	0.000000	0	
	[10]	169.287671	0.000000	0	
	[11]	106.917284	-0.000000	0	
	[12]	245.000000	0.134804	1	ANGIOSPERMS
	[13]	221.224523	-0.000000	0	
	[14]	193.212135	0.000000	0	
	[15]	152.187678	0.000000	0	
	[16]	133.203209	-0.000000	0	
	[17]	191.261350	-0.000000	0	
	[18]	205.285943	0.000000	0	
	[19]	132.585523	0.000000	0	
	[20]	179.388934	-0.000000	0	
	[21]	55.366372	0.000000	0	
	[22]	160.720309	-0.000000	0	
	[23]	147.492624	0.000000	0	
	[24]	117.113993	0.000000	0	
	[25]	153.034647	0.000000	0	

	Gradients for rate parameters (if any)
	Param	Estimate	Gradient
	[26]	0.112240	-0.000002
------------------------------------------------------------------------------
*Key
	+1 = maximum age constraint is reached (gradient may not be 0)
	-1 = minimum age constraint is reached (gradient may not be 0)
	 0 = no constraint present or constraint not reached (gradient should be 0)

	 (note that small gradient values (< |0.000058|) are not examined with respect to active constraints to avoid spurious roundoff issues)

*** Gradient check passed ***
Starting optimization (random starting point 3)
...Checking the starting point...(for some barrier constant)...
...Passed...now optimizing...
...Initial solution=264.810637
......starting perturbation 1
......solution for perturbation 1=264.810637...best=264.810637
*** Using analytical formula for gradient in check gradient step ***
...checking gradient of the solution...

	Norm for free parameters in gradient (0.000003) should be less than cutoff (0.576199)
	Checking active constraints for node times only (activeEpsilon=0.001000 and window [actEps*rootage]=0.450000)
	Param	Estimate	Gradient	Active*	Taxon
	[1]	407.944405	-0.000000	0	
	[2]	381.104459	0.000000	0	
	[3]	305.471825	-0.000000	0	
	[4]	330.366923	-0.000000	0	
	[5]	310.000000	-0.505204	-1	GYMNOSPERMS
	[6]	179.379676	0.000000	0	
	[7]	262.691634	-0.000000	0	
	[8]	233.179336	-0.000000	0	
	[9]	169.510284	-0.000000	0	
	[10]	169.287672	-0.000000	0	
	[11]	106.917285	0.000000	0	
	[12]	245.000000	0.134804	1	ANGIOSPERMS
	[13]	221.224523	0.000000	0	
	[14]	193.212134	0.000000	0	
	[15]	152.187677	-0.000000	0	
	[16]	133.203209	0.000000	0	
	[17]	191.261349	0.000000	0	
	[18]	205.285943	-0.000000	0	
	[19]	132.585524	-0.000000	0	
	[20]	179.388934	0.000000	0	
	[21]	55.366372	-0.000000	0	
	[22]	160.720308	0.000000	0	
	[23]	147.492623	0.000000	0	
	[24]	117.113993	-0.000000	0	
	[25]	153.034647	0.000000	0	

	Gradients for rate parameters (if any)
	Param	Estimate	Gradient
	[26]	0.112240	0.000003
------------------------------------------------------------------------------
*Key
	+1 = maximum age constraint is reached (gradient may not be 0)
	-1 = minimum age constraint is reached (gradient may not be 0)
	 0 = no constraint present or constraint not reached (gradient should be 0)

	 (note that small gradient values (< |0.000058|) are not examined with respect to active constraints to avoid spurious roundoff issues)

*** Gradient check passed ***
Starting optimization (random starting point 4)
...Checking the starting point...(for some barrier constant)...
...Passed...now optimizing...
...Initial solution=264.810637
......starting perturbation 1
......solution for perturbation 1=264.810637...best=264.810637
*** Using analytical formula for gradient in check gradient step ***
...checking gradient of the solution...

	Norm for free parameters in gradient (0.000000) should be less than cutoff (0.576199)
	Checking active constraints for node times only (activeEpsilon=0.001000 and window [actEps*rootage]=0.450000)
	Param	Estimate	Gradient	Active*	Taxon
	[1]	407.944405	-0.000000	0	
	[2]	381.104459	-0.000000	0	
	[3]	305.471825	0.000000	0	
	[4]	330.366923	-0.000000	0	
	[5]	310.000000	-0.505204	-1	GYMNOSPERMS
	[6]	179.379676	-0.000000	0	
	[7]	262.691633	0.000000	0	
	[8]	233.179335	0.000000	0	
	[9]	169.510283	0.000000	0	
	[10]	169.287671	-0.000000	0	
	[11]	106.917285	0.000000	0	
	[12]	245.000000	0.134804	1	ANGIOSPERMS
	[13]	221.224523	-0.000000	0	
	[14]	193.212135	0.000000	0	
	[15]	152.187677	0.000000	0	
	[16]	133.203209	0.000000	0	
	[17]	191.261350	-0.000000	0	
	[18]	205.285943	0.000000	0	
	[19]	132.585524	0.000000	0	
	[20]	179.388935	-0.000000	0	
	[21]	55.366372	0.000000	0	
	[22]	160.720310	-0.000000	0	
	[23]	147.492625	-0.000000	0	
	[24]	117.113994	-0.000000	0	
	[25]	153.034648	-0.000000	0	

	Gradients for rate parameters (if any)
	Param	Estimate	Gradient
	[26]	0.112240	-0.000000
------------------------------------------------------------------------------
*Key
	+1 = maximum age constraint is reached (gradient may not be 0)
	-1 = minimum age constraint is reached (gradient may not be 0)
	 0 = no constraint present or constraint not reached (gradient should be 0)

	 (note that small gradient values (< |0.000058|) are not examined with respect to active constraints to avoid spurious roundoff issues)

*** Gradient check passed ***
Starting optimization (random starting point 5)
...Checking the starting point...(for some barrier constant)...
...Passed...now optimizing...
...Initial solution=264.810637
......starting perturbation 1
......solution for perturbation 1=264.810637...best=264.810637
*** Using analytical formula for gradient in check gradient step ***
...checking gradient of the solution...

	Norm for free parameters in gradient (0.000003) should be less than cutoff (0.576199)
	Checking active constraints for node times only (activeEpsilon=0.001000 and window [actEps*rootage]=0.450000)
	Param	Estimate	Gradient	Active*	Taxon
	[1]	407.944405	0.000000	0	
	[2]	381.104459	-0.000000	0	
	[3]	305.471825	0.000000	0	
	[4]	330.366923	0.000000	0	
	[5]	310.000000	-0.505204	-1	GYMNOSPERMS
	[6]	179.379676	-0.000000	0	
	[7]	262.691633	-0.000000	0	
	[8]	233.179335	0.000000	0	
	[9]	169.510283	0.000000	0	
	[10]	169.287672	-0.000000	0	
	[11]	106.917285	-0.000000	0	
	[12]	245.000000	0.134804	1	ANGIOSPERMS
	[13]	221.224523	-0.000000	0	
	[14]	193.212134	-0.000000	0	
	[15]	152.187677	0.000000	0	
	[16]	133.203209	-0.000000	0	
	[17]	191.261350	0.000000	0	
	[18]	205.285943	0.000000	0	
	[19]	132.585524	-0.000000	0	
	[20]	179.388934	-0.000000	0	
	[21]	55.366373	-0.000000	0	
	[22]	160.720308	0.000000	0	
	[23]	147.492623	0.000000	0	
	[24]	117.113993	-0.000000	0	
	[25]	153.034647	0.000000	0	

	Gradients for rate parameters (if any)
	Param	Estimate	Gradient
	[26]	0.112240	0.000003
------------------------------------------------------------------------------
*Key
	+1 = maximum age constraint is reached (gradient may not be 0)
	-1 = minimum age constraint is reached (gradient may not be 0)
	 0 = no constraint present or constraint not reached (gradient should be 0)

	 (note that small gradient values (< |0.000058|) are not examined with respect to active constraints to avoid spurious roundoff issues)

*** Gradient check passed ***

Using optimization from starting point 1 as best estimate
Test of molecular clock on soln. 1 (best): Chi squared = 333.602141 (df=35)


Parameter estimates:

	       1         2         3         4         5  

Times
p[ 1]	   0.429     0.429     0.429     0.429     0.429  
p[ 2]	     0.4       0.4       0.4       0.4       0.4  
p[ 3]	   0.321     0.321     0.321     0.321     0.321  
p[ 4]	   0.347     0.347     0.347     0.347     0.347  
p[ 5]	   0.326     0.326     0.326     0.326     0.326  
p[ 6]	   0.188     0.188     0.188     0.188     0.188  
p[ 7]	   0.276     0.276     0.276     0.276     0.276  
p[ 8]	   0.245     0.245     0.245     0.245     0.245  
p[ 9]	   0.178     0.178     0.178     0.178     0.178  
p[10]	   0.178     0.178     0.178     0.178     0.178  
p[11]	   0.112     0.112     0.112     0.112     0.112  
p[12]	   0.257     0.257     0.257     0.257     0.257  
p[13]	   0.232     0.232     0.232     0.232     0.232  
p[14]	   0.203     0.203     0.203     0.203     0.203  
p[15]	    0.16      0.16      0.16      0.16      0.16  
p[16]	    0.14      0.14      0.14      0.14      0.14  
p[17]	   0.201     0.201     0.201     0.201     0.201  
p[18]	   0.216     0.216     0.216     0.216     0.216  
p[19]	   0.139     0.139     0.139     0.139     0.139  
p[20]	   0.188     0.188     0.188     0.188     0.188  
p[21]	  0.0582    0.0582    0.0582    0.0582    0.0582  
p[22]	   0.169     0.169     0.169     0.169     0.169  
p[23]	   0.155     0.155     0.155     0.155     0.155  
p[24]	   0.123     0.123     0.123     0.123     0.123  
p[25]	   0.161     0.161     0.161     0.161     0.161  

Rates (substitutions per site per unit time)
p[26]	 0.000118   0.000118   0.000118   0.000118   0.000118  

	  PASSED    PASSED    PASSED    PASSED    PASSED  
__________________
Result codes:
PASSED = OK
FAILED(1) = Optimization routine returned error
FAILED(2) = Solution's gradient was not 0
__________________


Obj->	-264.811  -264.811  -264.811  -264.811  -264.811  
